{"uuid":"88a87b49-40e1-4baf-a164-a19715fe8a5b","historyId":"6f6d85f57155e4041a7e67a1cdf80835","fullName":"Testrunner.closeproduct","labels":[{"name":"package","value":"Testrunner"},{"name":"testClass","value":"Testrunner"},{"name":"testMethod","value":"closeproduct"},{"name":"parentSuite","value":"Default Suite"},{"name":"suite","value":"officemart"},{"name":"subSuite","value":"Testrunner"},{"name":"host","value":"DESKTOP-VVT0MFL"},{"name":"thread","value":"2024@DESKTOP-VVT0MFL.main(1)"},{"name":"framework","value":"testng"},{"name":"language","value":"java"},{"name":"severity","value":"normal"}],"links":[],"name":"closeproduct","status":"failed","statusDetails":{"known":false,"muted":false,"flaky":false,"message":"Invalid element state [by text: პროდუქტის ძიება]: element click intercepted: Element <span>...</span> is not clickable at point (1155, 23). Other element would receive the click: <div class=\"welcome-modal-overlay modal-overlay active\"></div>\r\nScreenshot: file:/C:/Users/Gio/Desktop/officemart/build/reports/tests/1691683271420.0.png\r\nPage source: file:/C:/Users/Gio/Desktop/officemart/build/reports/tests/1691683271420.0.html\r\nTimeout: 4 s.\r\nCaused by: ElementClickInterceptedException: element click intercepted: Element <span>...</span> is not clickable at point (1155, 23). Other element would receive the click: <div class=\"welcome-modal-overlay modal-overlay active\"></div>","trace":"Invalid element state [by text: პროდუქტის ძიება]: element click intercepted: Element <span>...</span> is not clickable at point (1155, 23). Other element would receive the click: <div class=\"welcome-modal-overlay modal-overlay active\"></div>\r\nScreenshot: file:/C:/Users/Gio/Desktop/officemart/build/reports/tests/1691683271420.0.png\r\nPage source: file:/C:/Users/Gio/Desktop/officemart/build/reports/tests/1691683271420.0.html\r\nTimeout: 4 s.\r\nCaused by: ElementClickInterceptedException: element click intercepted: Element <span>...</span> is not clickable at point (1155, 23). Other element would receive the click: <div class=\"welcome-modal-overlay modal-overlay active\"></div>\r\n\tat com.codeborne.selenide.impl.ExceptionWrapper.wrap(ExceptionWrapper.java:26)\r\n\tat com.codeborne.selenide.impl.SelenideElementProxy.dispatchAndRetry(SelenideElementProxy.java:154)\r\n\tat com.codeborne.selenide.impl.SelenideElementProxy.invoke(SelenideElementProxy.java:84)\r\n\tat jdk.proxy2/jdk.proxy2.$Proxy9.click(Unknown Source)\r\n\tat org.example.Homesteps.Searchline(Homesteps.java:21)\r\n\tat Testrunner.closeproduct(Testrunner.java:203)\r\n\tat Testrunner.closeproduct(Testrunner.java:209)\r\n\tat Testrunner.closeproduct(Testrunner.java:209)\r\n\tat Testrunner.closeproduct(Testrunner.java:209)\r\n\tat java.base/jdk.internal.reflect.DirectMethodHandleAccessor.invoke(DirectMethodHandleAccessor.java:104)\r\n\tat java.base/java.lang.reflect.Method.invoke(Method.java:577)\r\n\tat org.testng.internal.invokers.MethodInvocationHelper.invokeMethod(MethodInvocationHelper.java:139)\r\n\tat org.testng.internal.invokers.TestInvoker.invokeMethod(TestInvoker.java:677)\r\n\tat org.testng.internal.invokers.TestInvoker.invokeTestMethod(TestInvoker.java:221)\r\n\tat org.testng.internal.invokers.MethodRunner.runInSequence(MethodRunner.java:50)\r\n\tat org.testng.internal.invokers.TestInvoker$MethodInvocationAgent.invoke(TestInvoker.java:969)\r\n\tat org.testng.internal.invokers.TestInvoker.invokeTestMethods(TestInvoker.java:194)\r\n\tat org.testng.internal.invokers.TestMethodWorker.invokeTestMethods(TestMethodWorker.java:148)\r\n\tat org.testng.internal.invokers.TestMethodWorker.run(TestMethodWorker.java:128)\r\n\tat java.base/java.util.ArrayList.forEach(ArrayList.java:1511)\r\n\tat org.testng.TestRunner.privateRun(TestRunner.java:829)\r\n\tat org.testng.TestRunner.run(TestRunner.java:602)\r\n\tat org.testng.SuiteRunner.runTest(SuiteRunner.java:437)\r\n\tat org.testng.SuiteRunner.runSequentially(SuiteRunner.java:431)\r\n\tat org.testng.SuiteRunner.privateRun(SuiteRunner.java:391)\r\n\tat org.testng.SuiteRunner.run(SuiteRunner.java:330)\r\n\tat org.testng.SuiteRunnerWorker.runSuite(SuiteRunnerWorker.java:52)\r\n\tat org.testng.SuiteRunnerWorker.run(SuiteRunnerWorker.java:95)\r\n\tat org.testng.TestNG.runSuitesSequentially(TestNG.java:1256)\r\n\tat org.testng.TestNG.runSuitesLocally(TestNG.java:1176)\r\n\tat org.testng.TestNG.runSuites(TestNG.java:1099)\r\n\tat org.testng.TestNG.run(TestNG.java:1067)\r\n\tat com.intellij.rt.testng.IDEARemoteTestNG.run(IDEARemoteTestNG.java:66)\r\n\tat com.intellij.rt.testng.RemoteTestNGStarter.main(RemoteTestNGStarter.java:109)\r\nCaused by: org.openqa.selenium.ElementClickInterceptedException: element click intercepted: Element <span>...</span> is not clickable at point (1155, 23). Other element would receive the click: <div class=\"welcome-modal-overlay modal-overlay active\"></div>\n  (Session info: chrome=115.0.5790.110)\nBuild info: version: '4.8.1', revision: '8ebccac989'\nSystem info: os.name: 'Windows 10', os.arch: 'amd64', os.version: '10.0', java.version: '18.0.2.1'\nDriver info: org.openqa.selenium.chrome.ChromeDriver\nCommand: [6d8bb4e351149caf05bb340d05aedad5, clickElement {id=6D577A3BB6DFF03482043AD42098BCF4_element_7203}]\nCapabilities {acceptInsecureCerts: true, browserName: chrome, browserVersion: 115.0.5790.110, chrome: {chromedriverVersion: 114.0.5735.90 (386bc09e8f4f..., userDataDir: C:\\Users\\Gio\\AppData\\Local\\...}, goog:chromeOptions: {debuggerAddress: localhost:62349}, networkConnectionEnabled: false, pageLoadStrategy: normal, platformName: WINDOWS, proxy: Proxy(), se:cdp: ws://localhost:62349/devtoo..., se:cdpVersion: 115.0.5790.110, setWindowRect: true, strictFileInteractability: false, timeouts: {implicit: 0, pageLoad: 300000, script: 30000}, unhandledPromptBehavior: accept, webauthn:extension:credBlob: true, webauthn:extension:largeBlob: true, webauthn:extension:minPinLength: true, webauthn:extension:prf: true, webauthn:virtualAuthenticators: true}\nElement: [[ChromeDriver: chrome on WINDOWS (6d8bb4e351149caf05bb340d05aedad5)] -> xpath: .//*/text()[normalize-space(translate(string(.), '\t\n\r ', '    ')) = \"პროდუქტის ძიება\"]/parent::*]\nSession ID: 6d8bb4e351149caf05bb340d05aedad5\r\n\tat java.base/jdk.internal.reflect.DirectConstructorHandleAccessor.newInstance(DirectConstructorHandleAccessor.java:67)\r\n\tat java.base/java.lang.reflect.Constructor.newInstanceWithCaller(Constructor.java:499)\r\n\tat java.base/java.lang.reflect.Constructor.newInstance(Constructor.java:483)\r\n\tat org.openqa.selenium.remote.codec.w3c.W3CHttpResponseCodec.createException(W3CHttpResponseCodec.java:200)\r\n\tat org.openqa.selenium.remote.codec.w3c.W3CHttpResponseCodec.decode(W3CHttpResponseCodec.java:133)\r\n\tat org.openqa.selenium.remote.codec.w3c.W3CHttpResponseCodec.decode(W3CHttpResponseCodec.java:53)\r\n\tat org.openqa.selenium.remote.HttpCommandExecutor.execute(HttpCommandExecutor.java:184)\r\n\tat org.openqa.selenium.remote.service.DriverCommandExecutor.invokeExecute(DriverCommandExecutor.java:167)\r\n\tat org.openqa.selenium.remote.service.DriverCommandExecutor.execute(DriverCommandExecutor.java:142)\r\n\tat org.openqa.selenium.remote.RemoteWebDriver.execute(RemoteWebDriver.java:543)\r\n\tat org.openqa.selenium.remote.RemoteWebElement.execute(RemoteWebElement.java:257)\r\n\tat org.openqa.selenium.remote.RemoteWebElement.click(RemoteWebElement.java:78)\r\n\tat com.codeborne.selenide.commands.Click.defaultClick(Click.java:97)\r\n\tat com.codeborne.selenide.commands.Click.click(Click.java:54)\r\n\tat com.codeborne.selenide.commands.Click.execute(Click.java:31)\r\n\tat com.codeborne.selenide.commands.Click.execute(Click.java:21)\r\n\tat com.codeborne.selenide.commands.Commands.execute(Commands.java:159)\r\n\tat com.codeborne.selenide.impl.SelenideElementProxy.dispatchAndRetry(SelenideElementProxy.java:132)\r\n\t... 32 more\r\n"},"stage":"finished","description":"13 - close product","steps":[{"name":"this method is for to find search line on the website","status":"passed","stage":"finished","steps":[],"attachments":[],"parameters":[],"start":1691683234823,"stop":1691683235364},{"name":"write text in search line","status":"passed","stage":"finished","steps":[],"attachments":[],"parameters":[],"start":1691683235365,"stop":1691683237207},{"name":"add product in main basket","status":"passed","stage":"finished","steps":[],"attachments":[],"parameters":[],"start":1691683237207,"stop":1691683238777},{"name":"After adding the product, go to the cart and check out","status":"passed","stage":"finished","steps":[],"attachments":[],"parameters":[],"start":1691683238777,"stop":1691683243456},{"name":"After adding the product,add one more and  go to the cart and check out price of the product","status":"passed","stage":"finished","steps":[],"attachments":[],"parameters":[],"start":1691683243456,"stop":1691683243621},{"name":"After adding the 2 product,minus one product and  go to the cart and check out price of the product","status":"passed","stage":"finished","steps":[],"attachments":[],"parameters":[],"start":1691683243622,"stop":1691683243772},{"name":"this method is for to find search line on the website","status":"passed","stage":"finished","steps":[],"attachments":[],"parameters":[],"start":1691683244442,"stop":1691683246140},{"name":"write text in search line","status":"passed","stage":"finished","steps":[],"attachments":[],"parameters":[],"start":1691683246140,"stop":1691683247885},{"name":"add product in main basket","status":"passed","stage":"finished","steps":[],"attachments":[],"parameters":[],"start":1691683247885,"stop":1691683249460},{"name":"After adding the product, go to the cart and check out","status":"passed","stage":"finished","steps":[],"attachments":[],"parameters":[],"start":1691683249460,"stop":1691683254315},{"name":"After adding the product,add one more and  go to the cart and check out price of the product","status":"passed","stage":"finished","steps":[],"attachments":[],"parameters":[],"start":1691683254315,"stop":1691683254472},{"name":"After adding the 2 product,minus one product and  go to the cart and check out price of the product","status":"passed","stage":"finished","steps":[],"attachments":[],"parameters":[],"start":1691683254472,"stop":1691683254599},{"name":"this method is for to find search line on the website","status":"passed","stage":"finished","steps":[],"attachments":[],"parameters":[],"start":1691683255444,"stop":1691683256682},{"name":"write text in search line","status":"passed","stage":"finished","steps":[],"attachments":[],"parameters":[],"start":1691683256682,"stop":1691683259121},{"name":"add product in main basket","status":"passed","stage":"finished","steps":[],"attachments":[],"parameters":[],"start":1691683259122,"stop":1691683261651},{"name":"After adding the product, go to the cart and check out","status":"passed","stage":"finished","steps":[],"attachments":[],"parameters":[],"start":1691683261652,"stop":1691683266361},{"name":"After adding the product,add one more and  go to the cart and check out price of the product","status":"passed","stage":"finished","steps":[],"attachments":[],"parameters":[],"start":1691683266361,"stop":1691683266492},{"name":"After adding the 2 product,minus one product and  go to the cart and check out price of the product","status":"passed","stage":"finished","steps":[],"attachments":[],"parameters":[],"start":1691683266492,"stop":1691683266625},{"name":"this method is for to find search line on the website","status":"failed","statusDetails":{"known":false,"muted":false,"flaky":false,"message":"Invalid element state [by text: პროდუქტის ძიება]: element click intercepted: Element <span>...</span> is not clickable at point (1155, 23). Other element would receive the click: <div class=\"welcome-modal-overlay modal-overlay active\"></div>\r\nScreenshot: file:/C:/Users/Gio/Desktop/officemart/build/reports/tests/1691683271420.0.png\r\nPage source: file:/C:/Users/Gio/Desktop/officemart/build/reports/tests/1691683271420.0.html\r\nTimeout: 4 s.\r\nCaused by: ElementClickInterceptedException: element click intercepted: Element <span>...</span> is not clickable at point (1155, 23). Other element would receive the click: <div class=\"welcome-modal-overlay modal-overlay active\"></div>","trace":"Invalid element state [by text: პროდუქტის ძიება]: element click intercepted: Element <span>...</span> is not clickable at point (1155, 23). Other element would receive the click: <div class=\"welcome-modal-overlay modal-overlay active\"></div>\r\nScreenshot: file:/C:/Users/Gio/Desktop/officemart/build/reports/tests/1691683271420.0.png\r\nPage source: file:/C:/Users/Gio/Desktop/officemart/build/reports/tests/1691683271420.0.html\r\nTimeout: 4 s.\r\nCaused by: ElementClickInterceptedException: element click intercepted: Element <span>...</span> is not clickable at point (1155, 23). Other element would receive the click: <div class=\"welcome-modal-overlay modal-overlay active\"></div>\r\n\tat com.codeborne.selenide.impl.ExceptionWrapper.wrap(ExceptionWrapper.java:26)\r\n\tat com.codeborne.selenide.impl.SelenideElementProxy.dispatchAndRetry(SelenideElementProxy.java:154)\r\n\tat com.codeborne.selenide.impl.SelenideElementProxy.invoke(SelenideElementProxy.java:84)\r\n\tat jdk.proxy2/jdk.proxy2.$Proxy9.click(Unknown Source)\r\n\tat org.example.Homesteps.Searchline(Homesteps.java:21)\r\n\tat Testrunner.closeproduct(Testrunner.java:203)\r\n\tat Testrunner.closeproduct(Testrunner.java:209)\r\n\tat Testrunner.closeproduct(Testrunner.java:209)\r\n\tat Testrunner.closeproduct(Testrunner.java:209)\r\n\tat java.base/jdk.internal.reflect.DirectMethodHandleAccessor.invoke(DirectMethodHandleAccessor.java:104)\r\n\tat java.base/java.lang.reflect.Method.invoke(Method.java:577)\r\n\tat org.testng.internal.invokers.MethodInvocationHelper.invokeMethod(MethodInvocationHelper.java:139)\r\n\tat org.testng.internal.invokers.TestInvoker.invokeMethod(TestInvoker.java:677)\r\n\tat org.testng.internal.invokers.TestInvoker.invokeTestMethod(TestInvoker.java:221)\r\n\tat org.testng.internal.invokers.MethodRunner.runInSequence(MethodRunner.java:50)\r\n\tat org.testng.internal.invokers.TestInvoker$MethodInvocationAgent.invoke(TestInvoker.java:969)\r\n\tat org.testng.internal.invokers.TestInvoker.invokeTestMethods(TestInvoker.java:194)\r\n\tat org.testng.internal.invokers.TestMethodWorker.invokeTestMethods(TestMethodWorker.java:148)\r\n\tat org.testng.internal.invokers.TestMethodWorker.run(TestMethodWorker.java:128)\r\n\tat java.base/java.util.ArrayList.forEach(ArrayList.java:1511)\r\n\tat org.testng.TestRunner.privateRun(TestRunner.java:829)\r\n\tat org.testng.TestRunner.run(TestRunner.java:602)\r\n\tat org.testng.SuiteRunner.runTest(SuiteRunner.java:437)\r\n\tat org.testng.SuiteRunner.runSequentially(SuiteRunner.java:431)\r\n\tat org.testng.SuiteRunner.privateRun(SuiteRunner.java:391)\r\n\tat org.testng.SuiteRunner.run(SuiteRunner.java:330)\r\n\tat org.testng.SuiteRunnerWorker.runSuite(SuiteRunnerWorker.java:52)\r\n\tat org.testng.SuiteRunnerWorker.run(SuiteRunnerWorker.java:95)\r\n\tat org.testng.TestNG.runSuitesSequentially(TestNG.java:1256)\r\n\tat org.testng.TestNG.runSuitesLocally(TestNG.java:1176)\r\n\tat org.testng.TestNG.runSuites(TestNG.java:1099)\r\n\tat org.testng.TestNG.run(TestNG.java:1067)\r\n\tat com.intellij.rt.testng.IDEARemoteTestNG.run(IDEARemoteTestNG.java:66)\r\n\tat com.intellij.rt.testng.RemoteTestNGStarter.main(RemoteTestNGStarter.java:109)\r\nCaused by: org.openqa.selenium.ElementClickInterceptedException: element click intercepted: Element <span>...</span> is not clickable at point (1155, 23). Other element would receive the click: <div class=\"welcome-modal-overlay modal-overlay active\"></div>\n  (Session info: chrome=115.0.5790.110)\nBuild info: version: '4.8.1', revision: '8ebccac989'\nSystem info: os.name: 'Windows 10', os.arch: 'amd64', os.version: '10.0', java.version: '18.0.2.1'\nDriver info: org.openqa.selenium.chrome.ChromeDriver\nCommand: [6d8bb4e351149caf05bb340d05aedad5, clickElement {id=6D577A3BB6DFF03482043AD42098BCF4_element_7203}]\nCapabilities {acceptInsecureCerts: true, browserName: chrome, browserVersion: 115.0.5790.110, chrome: {chromedriverVersion: 114.0.5735.90 (386bc09e8f4f..., userDataDir: C:\\Users\\Gio\\AppData\\Local\\...}, goog:chromeOptions: {debuggerAddress: localhost:62349}, networkConnectionEnabled: false, pageLoadStrategy: normal, platformName: WINDOWS, proxy: Proxy(), se:cdp: ws://localhost:62349/devtoo..., se:cdpVersion: 115.0.5790.110, setWindowRect: true, strictFileInteractability: false, timeouts: {implicit: 0, pageLoad: 300000, script: 30000}, unhandledPromptBehavior: accept, webauthn:extension:credBlob: true, webauthn:extension:largeBlob: true, webauthn:extension:minPinLength: true, webauthn:extension:prf: true, webauthn:virtualAuthenticators: true}\nElement: [[ChromeDriver: chrome on WINDOWS (6d8bb4e351149caf05bb340d05aedad5)] -> xpath: .//*/text()[normalize-space(translate(string(.), '\t\n\r ', '    ')) = \"პროდუქტის ძიება\"]/parent::*]\nSession ID: 6d8bb4e351149caf05bb340d05aedad5\r\n\tat java.base/jdk.internal.reflect.DirectConstructorHandleAccessor.newInstance(DirectConstructorHandleAccessor.java:67)\r\n\tat java.base/java.lang.reflect.Constructor.newInstanceWithCaller(Constructor.java:499)\r\n\tat java.base/java.lang.reflect.Constructor.newInstance(Constructor.java:483)\r\n\tat org.openqa.selenium.remote.codec.w3c.W3CHttpResponseCodec.createException(W3CHttpResponseCodec.java:200)\r\n\tat org.openqa.selenium.remote.codec.w3c.W3CHttpResponseCodec.decode(W3CHttpResponseCodec.java:133)\r\n\tat org.openqa.selenium.remote.codec.w3c.W3CHttpResponseCodec.decode(W3CHttpResponseCodec.java:53)\r\n\tat org.openqa.selenium.remote.HttpCommandExecutor.execute(HttpCommandExecutor.java:184)\r\n\tat org.openqa.selenium.remote.service.DriverCommandExecutor.invokeExecute(DriverCommandExecutor.java:167)\r\n\tat org.openqa.selenium.remote.service.DriverCommandExecutor.execute(DriverCommandExecutor.java:142)\r\n\tat org.openqa.selenium.remote.RemoteWebDriver.execute(RemoteWebDriver.java:543)\r\n\tat org.openqa.selenium.remote.RemoteWebElement.execute(RemoteWebElement.java:257)\r\n\tat org.openqa.selenium.remote.RemoteWebElement.click(RemoteWebElement.java:78)\r\n\tat com.codeborne.selenide.commands.Click.defaultClick(Click.java:97)\r\n\tat com.codeborne.selenide.commands.Click.click(Click.java:54)\r\n\tat com.codeborne.selenide.commands.Click.execute(Click.java:31)\r\n\tat com.codeborne.selenide.commands.Click.execute(Click.java:21)\r\n\tat com.codeborne.selenide.commands.Commands.execute(Commands.java:159)\r\n\tat com.codeborne.selenide.impl.SelenideElementProxy.dispatchAndRetry(SelenideElementProxy.java:132)\r\n\t... 32 more\r\n"},"stage":"finished","steps":[],"attachments":[],"parameters":[],"start":1691683267338,"stop":1691683271876}],"attachments":[],"parameters":[],"start":1691683226055,"stop":1691683271885}